DEPRECATION WARNING: cleanup! is deprecated and will be removed from Rails 5.1 (use Rails.application.reloader.reload! instead of cleanup + prepare) (called from serve at /usr/lib/ruby/vendor_ruby/spring/application.rb:152)
DEPRECATION WARNING: prepare! is deprecated and will be removed from Rails 5.1 (use Rails.application.reloader.prepare! instead) (called from serve at /usr/lib/ruby/vendor_ruby/spring/application.rb:153)
  [1m[35m (99.6ms)[0m  [1m[35mCREATE TABLE "schema_migrations" ("version" varchar NOT NULL PRIMARY KEY)[0m
  [1m[35m (101.3ms)[0m  [1m[35mCREATE TABLE "ar_internal_metadata" ("key" varchar NOT NULL PRIMARY KEY, "value" varchar, "created_at" datetime NOT NULL, "updated_at" datetime NOT NULL)[0m
  [1m[36mActiveRecord::SchemaMigration Load (0.5ms)[0m  [1m[34mSELECT "schema_migrations".* FROM "schema_migrations"[0m
Migrating to CreatePosts (20170222121411)
  [1m[35m (0.3ms)[0m  [1m[36mbegin transaction[0m
  [1m[35m (2.1ms)[0m  [1m[35mCREATE TABLE "posts" ("id" INTEGER PRIMARY KEY AUTOINCREMENT NOT NULL, "title" varchar, "content" text, "created_at" datetime NOT NULL, "updated_at" datetime NOT NULL)[0m
  [1m[35mSQL (0.7ms)[0m  [1m[32mINSERT INTO "schema_migrations" ("version") VALUES (?)[0m  [["version", "20170222121411"]]
  [1m[35m (125.5ms)[0m  [1m[36mcommit transaction[0m
Migrating to DeviseCreateUsers (20170222121534)
  [1m[35m (0.3ms)[0m  [1m[36mbegin transaction[0m
  [1m[35m (1.8ms)[0m  [1m[35mCREATE TABLE "users" ("id" INTEGER PRIMARY KEY AUTOINCREMENT NOT NULL, "email" varchar DEFAULT '' NOT NULL, "encrypted_password" varchar DEFAULT '' NOT NULL, "reset_password_token" varchar, "reset_password_sent_at" datetime, "remember_created_at" datetime, "sign_in_count" integer DEFAULT 0 NOT NULL, "current_sign_in_at" datetime, "last_sign_in_at" datetime, "current_sign_in_ip" varchar, "last_sign_in_ip" varchar, "created_at" datetime NOT NULL, "updated_at" datetime NOT NULL)[0m
  [1m[35m (0.5ms)[0m  [1m[34mselect sqlite_version(*)[0m
  [1m[35m (1.1ms)[0m  [1m[35mCREATE  INDEX "index_users_on_email" ON "users" ("email")[0m
  [1m[35m (0.7ms)[0m  [1m[34m            SELECT sql
            FROM sqlite_master
            WHERE name='index_users_on_email' AND type='index'
            UNION ALL
            SELECT sql
            FROM sqlite_temp_master
            WHERE name='index_users_on_email' AND type='index'
[0m
  [1m[35m (1.1ms)[0m  [1m[35mCREATE UNIQUE INDEX "index_users_on_reset_password_token" ON "users" ("reset_password_token")[0m
  [1m[35mSQL (0.8ms)[0m  [1m[32mINSERT INTO "schema_migrations" ("version") VALUES (?)[0m  [["version", "20170222121534"]]
  [1m[35m (123.1ms)[0m  [1m[36mcommit transaction[0m
Migrating to AddOmniauthToUsers (20170222121828)
  [1m[35m (0.3ms)[0m  [1m[36mbegin transaction[0m
  [1m[35m (2.1ms)[0m  [1m[35mALTER TABLE "users" ADD "provider" varchar[0m
  [1m[35m (0.6ms)[0m  [1m[34m            SELECT sql
            FROM sqlite_master
            WHERE name='index_users_on_reset_password_token' AND type='index'
            UNION ALL
            SELECT sql
            FROM sqlite_temp_master
            WHERE name='index_users_on_reset_password_token' AND type='index'
[0m
  [1m[35m (0.7ms)[0m  [1m[34m            SELECT sql
            FROM sqlite_master
            WHERE name='index_users_on_email' AND type='index'
            UNION ALL
            SELECT sql
            FROM sqlite_temp_master
            WHERE name='index_users_on_email' AND type='index'
[0m
  [1m[35m (1.1ms)[0m  [1m[35mCREATE  INDEX "index_users_on_provider" ON "users" ("provider")[0m
  [1m[35m (1.2ms)[0m  [1m[35mALTER TABLE "users" ADD "uid" varchar[0m
  [1m[35m (0.7ms)[0m  [1m[34m            SELECT sql
            FROM sqlite_master
            WHERE name='index_users_on_provider' AND type='index'
            UNION ALL
            SELECT sql
            FROM sqlite_temp_master
            WHERE name='index_users_on_provider' AND type='index'
[0m
  [1m[35m (0.5ms)[0m  [1m[34m            SELECT sql
            FROM sqlite_master
            WHERE name='index_users_on_reset_password_token' AND type='index'
            UNION ALL
            SELECT sql
            FROM sqlite_temp_master
            WHERE name='index_users_on_reset_password_token' AND type='index'
[0m
  [1m[35m (0.8ms)[0m  [1m[34m            SELECT sql
            FROM sqlite_master
            WHERE name='index_users_on_email' AND type='index'
            UNION ALL
            SELECT sql
            FROM sqlite_temp_master
            WHERE name='index_users_on_email' AND type='index'
[0m
  [1m[35m (1.4ms)[0m  [1m[35mCREATE  INDEX "index_users_on_uid" ON "users" ("uid")[0m
  [1m[35mSQL (0.8ms)[0m  [1m[32mINSERT INTO "schema_migrations" ("version") VALUES (?)[0m  [["version", "20170222121828"]]
  [1m[35m (115.4ms)[0m  [1m[36mcommit transaction[0m
Migrating to AddNameToUsers (20170225223655)
  [1m[35m (0.4ms)[0m  [1m[36mbegin transaction[0m
  [1m[35m (2.6ms)[0m  [1m[35mALTER TABLE "users" ADD "name" varchar[0m
  [1m[35mSQL (1.3ms)[0m  [1m[32mINSERT INTO "schema_migrations" ("version") VALUES (?)[0m  [["version", "20170225223655"]]
  [1m[35m (89.0ms)[0m  [1m[36mcommit transaction[0m
Migrating to RolifyCreateRoles (20170227121411)
  [1m[35m (0.3ms)[0m  [1m[36mbegin transaction[0m
DEPRECATION WARNING: Directly inheriting from ActiveRecord::Migration is deprecated. Please specify the Rails release the migration was written for:

  class RolifyCreateRoles < ActiveRecord::Migration[4.2] (called from require at /home/creder/github/Instructonator/bin/rails:9)
  [1m[35m (2.4ms)[0m  [1m[35mCREATE TABLE "roles" ("id" INTEGER PRIMARY KEY AUTOINCREMENT NOT NULL, "name" varchar, "resource_type" varchar, "resource_id" integer, "created_at" datetime, "updated_at" datetime)[0m
  [1m[35m (1.2ms)[0m  [1m[35mCREATE TABLE "users_roles" ("user_id" integer, "role_id" integer)[0m
  [1m[35m (1.1ms)[0m  [1m[35mCREATE  INDEX "index_roles_on_name" ON "roles" ("name")[0m
  [1m[35m (0.7ms)[0m  [1m[34m            SELECT sql
            FROM sqlite_master
            WHERE name='index_roles_on_name' AND type='index'
            UNION ALL
            SELECT sql
            FROM sqlite_temp_master
            WHERE name='index_roles_on_name' AND type='index'
[0m
  [1m[35m (1.1ms)[0m  [1m[35mCREATE  INDEX "index_roles_on_name_and_resource_type_and_resource_id" ON "roles" ("name", "resource_type", "resource_id")[0m
  [1m[35m (1.3ms)[0m  [1m[35mCREATE  INDEX "index_users_roles_on_user_id_and_role_id" ON "users_roles" ("user_id", "role_id")[0m
  [1m[35mSQL (2.5ms)[0m  [1m[32mINSERT INTO "schema_migrations" ("version") VALUES (?)[0m  [["version", "20170227121411"]]
  [1m[35m (114.1ms)[0m  [1m[36mcommit transaction[0m
  [1m[36mActiveRecord::InternalMetadata Load (0.8ms)[0m  [1m[34mSELECT  "ar_internal_metadata".* FROM "ar_internal_metadata" WHERE "ar_internal_metadata"."key" = ? LIMIT ?[0m  [["key", :environment], ["LIMIT", 1]]
  [1m[35m (0.3ms)[0m  [1m[36mbegin transaction[0m
  [1m[35mSQL (1.6ms)[0m  [1m[32mINSERT INTO "ar_internal_metadata" ("key", "value", "created_at", "updated_at") VALUES (?, ?, ?, ?)[0m  [["key", "environment"], ["value", "development"], ["created_at", 2017-02-27 12:14:53 UTC], ["updated_at", 2017-02-27 12:14:53 UTC]]
  [1m[35m (83.4ms)[0m  [1m[36mcommit transaction[0m
  [1m[36mActiveRecord::SchemaMigration Load (0.8ms)[0m  [1m[34mSELECT "schema_migrations".* FROM "schema_migrations"[0m
  [1m[35m (1.4ms)[0m  [1m[34m            SELECT sql
            FROM sqlite_master
            WHERE name='index_roles_on_name_and_resource_type_and_resource_id' AND type='index'
            UNION ALL
            SELECT sql
            FROM sqlite_temp_master
            WHERE name='index_roles_on_name_and_resource_type_and_resource_id' AND type='index'
[0m
  [1m[35m (1.3ms)[0m  [1m[34m            SELECT sql
            FROM sqlite_master
            WHERE name='index_roles_on_name' AND type='index'
            UNION ALL
            SELECT sql
            FROM sqlite_temp_master
            WHERE name='index_roles_on_name' AND type='index'
[0m
  [1m[35m (1.5ms)[0m  [1m[34m            SELECT sql
            FROM sqlite_master
            WHERE name='index_users_on_uid' AND type='index'
            UNION ALL
            SELECT sql
            FROM sqlite_temp_master
            WHERE name='index_users_on_uid' AND type='index'
[0m
  [1m[35m (1.3ms)[0m  [1m[34m            SELECT sql
            FROM sqlite_master
            WHERE name='index_users_on_provider' AND type='index'
            UNION ALL
            SELECT sql
            FROM sqlite_temp_master
            WHERE name='index_users_on_provider' AND type='index'
[0m
  [1m[35m (1.1ms)[0m  [1m[34m            SELECT sql
            FROM sqlite_master
            WHERE name='index_users_on_reset_password_token' AND type='index'
            UNION ALL
            SELECT sql
            FROM sqlite_temp_master
            WHERE name='index_users_on_reset_password_token' AND type='index'
[0m
  [1m[35m (1.1ms)[0m  [1m[34m            SELECT sql
            FROM sqlite_master
            WHERE name='index_users_on_email' AND type='index'
            UNION ALL
            SELECT sql
            FROM sqlite_temp_master
            WHERE name='index_users_on_email' AND type='index'
[0m
  [1m[35m (1.4ms)[0m  [1m[34m            SELECT sql
            FROM sqlite_master
            WHERE name='index_users_roles_on_user_id_and_role_id' AND type='index'
            UNION ALL
            SELECT sql
            FROM sqlite_temp_master
            WHERE name='index_users_roles_on_user_id_and_role_id' AND type='index'
[0m
